{"/Users/antoniorosalesmartinez/Dev/Repositorios/daw_septiembre_2025/REACT/24_03_2026/src/components/CampoNombre.jsx": {"path":"/Users/antoniorosalesmartinez/Dev/Repositorios/daw_septiembre_2025/REACT/24_03_2026/src/components/CampoNombre.jsx","statementMap":{"0":{"start":{"line":3,"column":6},"end":{"line":15,"column":null}},"1":{"start":{"line":4,"column":17},"end":{"line":4,"column":42}},"2":{"start":{"line":6,"column":2},"end":{"line":15,"column":null}},"3":{"start":{"line":12,"column":26},"end":{"line":12,"column":null}}},"fnMap":{"0":{"name":"(anonymous_0)","decl":{"start":{"line":3,"column":6},"end":{"line":3,"column":26}},"loc":{"start":{"line":3,"column":26},"end":{"line":15,"column":null}},"line":3},"1":{"name":"(anonymous_1)","decl":{"start":{"line":12,"column":8},"end":{"line":12,"column":19}},"loc":{"start":{"line":12,"column":26},"end":{"line":12,"column":null}},"line":12}},"branchMap":{},"s":{"0":1,"1":7,"2":7,"3":6},"f":{"0":7,"1":6},"b":{},"meta":{"lastBranch":0,"lastFunction":2,"lastStatement":4,"seen":{"s:3:6:15:Infinity":0,"f:3:6:3:26":0,"s:4:17:4:42":1,"s:6:2:15:Infinity":2,"f:12:8:12:19":1,"s:12:26:12:Infinity":3}}}
,"/Users/antoniorosalesmartinez/Dev/Repositorios/daw_septiembre_2025/REACT/24_03_2026/src/components/Contador.jsx": {"path":"/Users/antoniorosalesmartinez/Dev/Repositorios/daw_septiembre_2025/REACT/24_03_2026/src/components/Contador.jsx","statementMap":{"0":{"start":{"line":1,"column":21},"end":{"line":1,"column":37}},"1":{"start":{"line":3,"column":6},"end":{"line":11,"column":null}},"2":{"start":{"line":4,"column":30},"end":{"line":4,"column":41}},"3":{"start":{"line":6,"column":2},"end":{"line":11,"column":null}},"4":{"start":{"line":10,"column":29},"end":{"line":10,"column":50}}},"fnMap":{"0":{"name":"(anonymous_0)","decl":{"start":{"line":3,"column":6},"end":{"line":3,"column":23}},"loc":{"start":{"line":3,"column":23},"end":{"line":11,"column":null}},"line":3},"1":{"name":"(anonymous_1)","decl":{"start":{"line":10,"column":14},"end":{"line":10,"column":29}},"loc":{"start":{"line":10,"column":29},"end":{"line":10,"column":50}},"line":10}},"branchMap":{},"s":{"0":1,"1":1,"2":3,"3":3,"4":1},"f":{"0":3,"1":1},"b":{},"meta":{"lastBranch":0,"lastFunction":2,"lastStatement":5,"seen":{"s:1:21:1:37":0,"s:3:6:11:Infinity":1,"f:3:6:3:23":0,"s:4:30:4:41":2,"s:6:2:11:Infinity":3,"f:10:14:10:29":1,"s:10:29:10:50":4}}}
,"/Users/antoniorosalesmartinez/Dev/Repositorios/daw_septiembre_2025/REACT/24_03_2026/src/components/EstadoPanel.jsx": {"path":"/Users/antoniorosalesmartinez/Dev/Repositorios/daw_septiembre_2025/REACT/24_03_2026/src/components/EstadoPanel.jsx","statementMap":{"0":{"start":{"line":1,"column":6},"end":{"line":6,"column":null}},"1":{"start":{"line":2,"column":2},"end":{"line":6,"column":null}}},"fnMap":{"0":{"name":"(anonymous_0)","decl":{"start":{"line":1,"column":6},"end":{"line":1,"column":21}},"loc":{"start":{"line":1,"column":37},"end":{"line":6,"column":null}},"line":1}},"branchMap":{"0":{"loc":{"start":{"line":5,"column":10},"end":{"line":5,"column":58}},"type":"cond-expr","locations":[{"start":{"line":5,"column":20},"end":{"line":5,"column":38}},{"start":{"line":5,"column":38},"end":{"line":5,"column":58}}],"line":5}},"s":{"0":1,"1":3},"f":{"0":3},"b":{"0":[2,1]},"meta":{"lastBranch":1,"lastFunction":1,"lastStatement":2,"seen":{"s:1:6:6:Infinity":0,"f:1:6:1:21":0,"s:2:2:6:Infinity":1,"b:5:20:5:38:5:38:5:58":0}}}
,"/Users/antoniorosalesmartinez/Dev/Repositorios/daw_septiembre_2025/REACT/24_03_2026/src/components/MensajeCarga.jsx": {"path":"/Users/antoniorosalesmartinez/Dev/Repositorios/daw_septiembre_2025/REACT/24_03_2026/src/components/MensajeCarga.jsx","statementMap":{"0":{"start":{"line":1,"column":32},"end":{"line":1,"column":48}},"1":{"start":{"line":3,"column":6},"end":{"line":14,"column":null}},"2":{"start":{"line":4,"column":26},"end":{"line":4,"column":49}},"3":{"start":{"line":6,"column":2},"end":{"line":12,"column":null}},"4":{"start":{"line":7,"column":15},"end":{"line":9,"column":11}},"5":{"start":{"line":8,"column":6},"end":{"line":8,"column":null}},"6":{"start":{"line":11,"column":4},"end":{"line":11,"column":null}},"7":{"start":{"line":11,"column":17},"end":{"line":11,"column":33}},"8":{"start":{"line":14,"column":2},"end":{"line":14,"column":null}}},"fnMap":{"0":{"name":"(anonymous_0)","decl":{"start":{"line":3,"column":6},"end":{"line":3,"column":27}},"loc":{"start":{"line":3,"column":27},"end":{"line":14,"column":null}},"line":3},"1":{"name":"(anonymous_1)","decl":{"start":{"line":6,"column":2},"end":{"line":6,"column":18}},"loc":{"start":{"line":6,"column":18},"end":{"line":12,"column":7}},"line":6},"2":{"name":"(anonymous_2)","decl":{"start":{"line":7,"column":15},"end":{"line":7,"column":32}},"loc":{"start":{"line":7,"column":32},"end":{"line":9,"column":11}},"line":7},"3":{"name":"(anonymous_3)","decl":{"start":{"line":11,"column":4},"end":{"line":11,"column":17}},"loc":{"start":{"line":11,"column":17},"end":{"line":11,"column":33}},"line":11}},"branchMap":{},"s":{"0":1,"1":1,"2":3,"3":3,"4":2,"5":1,"6":2,"7":2,"8":3},"f":{"0":3,"1":2,"2":1,"3":2},"b":{},"meta":{"lastBranch":0,"lastFunction":4,"lastStatement":9,"seen":{"s:1:32:1:48":0,"s:3:6:14:Infinity":1,"f:3:6:3:27":0,"s:4:26:4:49":2,"s:6:2:12:Infinity":3,"f:6:2:6:18":1,"s:7:15:9:11":4,"f:7:15:7:32":2,"s:8:6:8:Infinity":5,"s:11:4:11:Infinity":6,"f:11:4:11:17":3,"s:11:17:11:33":7,"s:14:2:14:Infinity":8}}}
,"/Users/antoniorosalesmartinez/Dev/Repositorios/daw_septiembre_2025/REACT/24_03_2026/src/components/MostrarAyuda.jsx": {"path":"/Users/antoniorosalesmartinez/Dev/Repositorios/daw_septiembre_2025/REACT/24_03_2026/src/components/MostrarAyuda.jsx","statementMap":{"0":{"start":{"line":3,"column":6},"end":{"line":13,"column":null}},"1":{"start":{"line":4,"column":18},"end":{"line":4,"column":47}},"2":{"start":{"line":6,"column":2},"end":{"line":13,"column":null}},"3":{"start":{"line":9,"column":29},"end":{"line":9,"column":49}}},"fnMap":{"0":{"name":"(anonymous_0)","decl":{"start":{"line":3,"column":6},"end":{"line":3,"column":27}},"loc":{"start":{"line":3,"column":27},"end":{"line":13,"column":null}},"line":3},"1":{"name":"(anonymous_1)","decl":{"start":{"line":9,"column":14},"end":{"line":9,"column":29}},"loc":{"start":{"line":9,"column":29},"end":{"line":9,"column":49}},"line":9}},"branchMap":{"0":{"loc":{"start":{"line":10,"column":9},"end":{"line":10,"column":null}},"type":"cond-expr","locations":[{"start":{"line":10,"column":19},"end":{"line":10,"column":37}},{"start":{"line":10,"column":37},"end":{"line":10,"column":null}}],"line":10},"1":{"loc":{"start":{"line":12,"column":7},"end":{"line":12,"column":null}},"type":"binary-expr","locations":[{"start":{"line":12,"column":7},"end":{"line":12,"column":18}},{"start":{"line":12,"column":18},"end":{"line":12,"column":null}}],"line":12}},"s":{"0":1,"1":6,"2":6,"3":3},"f":{"0":6,"1":3},"b":{"0":[2,4],"1":[6,2]},"meta":{"lastBranch":2,"lastFunction":2,"lastStatement":4,"seen":{"s:3:6:13:Infinity":0,"f:3:6:3:27":0,"s:4:18:4:47":1,"s:6:2:13:Infinity":2,"f:9:14:9:29":1,"s:9:29:9:49":3,"b:10:19:10:37:10:37:10:Infinity":0,"b:12:7:12:18:12:18:12:Infinity":1}}}
,"/Users/antoniorosalesmartinez/Dev/Repositorios/daw_septiembre_2025/REACT/24_03_2026/src/components/Saludo.jsx": {"path":"/Users/antoniorosalesmartinez/Dev/Repositorios/daw_septiembre_2025/REACT/24_03_2026/src/components/Saludo.jsx","statementMap":{"0":{"start":{"line":1,"column":6},"end":{"line":2,"column":null}},"1":{"start":{"line":2,"column":2},"end":{"line":2,"column":null}}},"fnMap":{"0":{"name":"(anonymous_0)","decl":{"start":{"line":1,"column":6},"end":{"line":1,"column":21}},"loc":{"start":{"line":1,"column":21},"end":{"line":2,"column":null}},"line":1}},"branchMap":{},"s":{"0":1,"1":1},"f":{"0":1},"b":{},"meta":{"lastBranch":0,"lastFunction":1,"lastStatement":2,"seen":{"s:1:6:2:Infinity":0,"f:1:6:1:21":0,"s:2:2:2:Infinity":1}}}
}
